#
# A fatal error has been detected by the Java Runtime Environment:
#
#  EXCEPTION_ACCESS_VIOLATION (0xc0000005) at pc=0x0000000078a65eff, pid=4108, tid=7212
#
# JRE version: 6.0_17-b04
# Java VM: Java HotSpot(TM) 64-Bit Server VM (14.3-b01 mixed mode windows-amd64 )
# Problematic frame:
# C  0x0000000078a65eff
#
# If you would like to submit a bug report, please visit:
#   http://java.sun.com/webapps/bugreport/crash.jsp
#

---------------  T H R E A D  ---------------

Current thread (0x00000000512ff800):  JavaThread "<no-name - thread is attaching>" [_thread_in_vm, id=7212, stack(0x0000000038cb0000,0x000000003ccb0000)]

siginfo: ExceptionCode=0xc0000005, writing address 0x000000003ccaba60

Registers:
EAX=0x0000000000000005, EBX=0x0000000000000000, ECX=0x000000003ccaba60, EDX=0x0000000000004000
ESP=0x000000003ccafa60, EBP=0x0000000000000005, ESI=0x0000000000000005, EDI=0x000000003ccafa60
EIP=0x0000000078a65eff, EFLAGS=0x0000000000010206

Top of Stack: (sp=0x000000003ccafa60)
0x000000003ccafa60:   0000000000000000 000000006aa46fc0
0x000000003ccafa70:   000000003ccafc20 000000006aa46fe8
0x000000003ccafa80:   0000000000000000 0000000000000000
0x000000003ccafa90:   0000000000000000 0000000000000000
0x000000003ccafaa0:   0000000000000000 00000000770cc358
0x000000003ccafab0:   000000003ccafb00 0000000000000000
0x000000003ccafac0:   000007fffffdf000 0000000000000000
0x000000003ccafad0:   0000e1cb78c00318 0000000000000000
0x000000003ccafae0:   0000000000000000 000000006aa46fe8
0x000000003ccafaf0:   00000000512ff800 000000006aa46fd8
0x000000003ccafb00:   000000003ccafbf8 0000000000000000
0x000000003ccafb10:   00000000512ff800 0000000000000000
0x000000003ccafb20:   000000006aa46fc8 0000000078b87276
0x000000003ccafb30:   00001f800010001b 0000000000000000
0x000000003ccafb40:   00000000512ff800 0000000000000000
0x000000003ccafb50:   00000000512ff800 000000003ccafda0 

Instructions: (pc=0x0000000078a65eff)
0x0000000078a65eef:   48 63 d0 48 63 c6 48 0f af d5 48 ff c5 48 2b ca
0x0000000078a65eff:   89 19 48 3b 05 a8 c1 3c 00 7e db 48 8b bc 24 88 


Stack: [0x0000000038cb0000,0x000000003ccb0000],  sp=0x000000003ccafa60,  free space=65534k
Native frames: (J=compiled Java code, j=interpreted, Vv=VM code, C=native code)
C  0x0000000078a65eff


---------------  P R O C E S S  ---------------

Java Threads: ( => current thread )
=>0x00000000512ff800 JavaThread "<no-name - thread is attaching>" [_thread_in_vm, id=7212, stack(0x0000000038cb0000,0x000000003ccb0000)]
  0x00000000512fe800 JavaThread "Code Analyzer updating thread" [_thread_blocked, id=7084, stack(0x00000000f4400000,0x00000000f8400000)]
  0x000000006c9e8800 JavaThread "Swing-Shell" daemon [_thread_blocked, id=5884, stack(0x000000012c400000,0x0000000130400000)]
  0x0000000051304800 JavaThread "Code Analyzer updating thread" [_thread_blocked, id=9000, stack(0x0000000124400000,0x0000000128400000)]
  0x0000000051304000 JavaThread "Active Reference Queue Daemon" daemon [_thread_blocked, id=6720, stack(0x0000000120400000,0x0000000124400000)]
  0x00000000512fb000 JavaThread "Timer-2" daemon [_thread_blocked, id=9164, stack(0x00000000ec400000,0x00000000f0400000)]
  0x0000000051303000 JavaThread "Prefs Updater" daemon [_thread_blocked, id=7368, stack(0x00000000e4400000,0x00000000e8400000)]
  0x0000000051301000 JavaThread "Timer-1" daemon [_thread_blocked, id=7668, stack(0x0000000100400000,0x0000000104400000)]
  0x00000000512fe000 JavaThread "com.jniwrapper.NativeResourceCollector" daemon [_thread_blocked, id=908, stack(0x00000000f0400000,0x00000000f4400000)]
  0x00000000512f9000 JavaThread "ClipboardMonitor Timer" daemon [_thread_blocked, id=6444, stack(0x00000000d8400000,0x00000000dc400000)]
  0x00000000512fc000 JavaThread "Explorer NavigationContext request queue" daemon [_thread_blocked, id=9180, stack(0x00000000e8400000,0x00000000ec400000)]
  0x00000000512fa800 JavaThread "AddressBar directory emptiness poller" daemon [_thread_blocked, id=1416, stack(0x00000000e0400000,0x00000000e4400000)]
  0x00000000512f9800 JavaThread "Explorer Refresh Service 1910683260" daemon [_thread_blocked, id=5808, stack(0x00000000dc400000,0x00000000e0400000)]
  0x00000000512f8000 JavaThread "Thread-4" daemon [_thread_blocked, id=7040, stack(0x00000000d4400000,0x00000000d8400000)]
  0x00000000512f7800 JavaThread "TimerQueue" daemon [_thread_blocked, id=4480, stack(0x00000000d0400000,0x00000000d4400000)]
  0x00000000512f7000 JavaThread "Thread-3" daemon [_thread_blocked, id=7272, stack(0x00000000c0400000,0x00000000c4400000)]
  0x00000000512f6000 JavaThread "FelixPackageAdmin" daemon [_thread_blocked, id=7124, stack(0x00000000cc400000,0x00000000d0400000)]
  0x00000000512f5800 JavaThread "FelixStartLevel" daemon [_thread_blocked, id=7952, stack(0x00000000c8400000,0x00000000cc400000)]
  0x0000000051224800 JavaThread "FelixDispatchQueue" daemon [_thread_blocked, id=6748, stack(0x00000000c4400000,0x00000000c8400000)]
  0x0000000050efd800 JavaThread "AWT-EventQueue-0" [_thread_blocked, id=3268, stack(0x00000000bc400000,0x00000000c0400000)]
  0x0000000050ed6000 JavaThread "com.google.common.base.internal.Finalizer" daemon [_thread_blocked, id=3252, stack(0x00000000b4400000,0x00000000b8400000)]
  0x0000000050ed3800 JavaThread "AWT-Windows" daemon [_thread_in_native, id=4772, stack(0x00000000ac400000,0x00000000b0400000)]
  0x0000000050e6a000 JavaThread "AWT-Shutdown" [_thread_blocked, id=8280, stack(0x00000000a8400000,0x00000000ac400000)]
  0x0000000050e8e800 JavaThread "Java2D Disposer" daemon [_thread_blocked, id=7452, stack(0x00000000a4400000,0x00000000a8400000)]
  0x0000000050b74000 JavaThread "Timer-0" [_thread_blocked, id=8336, stack(0x00000000a0400000,0x00000000a4400000)]
  0x0000000050a5b800 JavaThread "EventMgr Dispatcher" daemon [_thread_in_native, id=8860, stack(0x000000009c400000,0x00000000a0400000)]
  0x000000000f7b2000 JavaThread "Low Memory Detector" daemon [_thread_blocked, id=7184, stack(0x0000000094400000,0x0000000098400000)]
  0x000000000f7ad800 JavaThread "CompilerThread1" daemon [_thread_blocked, id=1692, stack(0x000000006d4e0000,0x00000000714e0000)]
  0x000000000f7a3800 JavaThread "CompilerThread0" daemon [_thread_blocked, id=6604, stack(0x0000000066910000,0x000000006a910000)]
  0x000000000f7a2000 JavaThread "Attach Listener" daemon [_thread_blocked, id=4836, stack(0x0000000060ce0000,0x0000000064ce0000)]
  0x000000000f783800 JavaThread "Finalizer" daemon [_thread_blocked, id=8068, stack(0x000000005a1a0000,0x000000005e1a0000)]
  0x000000000f783000 JavaThread "Reference Handler" daemon [_thread_blocked, id=8720, stack(0x00000000561a0000,0x000000005a1a0000)]
  0x0000000006705800 JavaThread "main" [_thread_in_native, id=8748, stack(0x0000000000030000,0x0000000004030000)]

Other Threads:
  0x000000000f77f800 VMThread [stack: 0x00000000521a0000,0x00000000561a0000] [id=8840]
  0x000000000f7e8800 WatcherThread [stack: 0x0000000098400000,0x000000009c400000] [id=636]

VM state:not at safepoint (normal execution)

VM Mutex/Monitor currently owned by a thread: None

Heap
 PSYoungGen      total 33216K, used 12266K [0x0000000091300000, 0x0000000094050000, 0x0000000094400000)
  eden space 21952K, 24% used [0x0000000091300000,0x000000009183f110,0x0000000092870000)
  from space 11264K, 61% used [0x0000000093550000,0x0000000093c0ba80,0x0000000094050000)
  to   space 12224K, 0% used [0x0000000092870000,0x0000000092870000,0x0000000093460000)
 PSOldGen        total 70528K, used 45873K [0x0000000088000000, 0x000000008c4e0000, 0x0000000091300000)
  object space 70528K, 65% used [0x0000000088000000,0x000000008accc538,0x000000008c4e0000)
 PSPermGen       total 95232K, used 73960K [0x0000000080000000, 0x0000000085d00000, 0x0000000088000000)
  object space 95232K, 77% used [0x0000000080000000,0x000000008483a3e0,0x0000000085d00000)

Dynamic libraries:
0x0000000140000000 - 0x0000000140028000 	C:\Program Files\MATLAB\R2013a\bin\win64\MATLAB.exe
0x00000000770a0000 - 0x0000000077249000 	C:\Windows\SYSTEM32\ntdll.dll
0x0000000076e80000 - 0x0000000076f9f000 	C:\Windows\system32\kernel32.dll
0x000007fefd0c0000 - 0x000007fefd12b000 	C:\Windows\system32\KERNELBASE.dll
0x0000000074c10000 - 0x0000000074ca4000 	C:\Windows\System32\SYSFER.DLL
0x0000000074460000 - 0x0000000074515000 	C:\Program Files\MATLAB\R2013a\bin\win64\libut.dll
0x00000000758a0000 - 0x000000007595f000 	C:\Program Files\MATLAB\R2013a\bin\win64\libmwi18n.dll
0x0000000180000000 - 0x000000018000d000 	C:\Program Files\MATLAB\R2013a\bin\win64\libmwresource_core.dll
0x00000000666a0000 - 0x0000000066738000 	C:\Program Files\MATLAB\R2013a\bin\win64\MSVCP100.dll
0x0000000065de0000 - 0x0000000065eb2000 	C:\Program Files\MATLAB\R2013a\bin\win64\MSVCR100.dll
0x000000006d4c0000 - 0x000000006d4ce000 	C:\Program Files\MATLAB\R2013a\bin\win64\boost_date_time-vc100-mt-1_49.dll
0x00000000668e0000 - 0x000000006690c000 	C:\Program Files\MATLAB\R2013a\bin\win64\boost_filesystem-vc100-mt-1_49.dll
0x000000006d4d0000 - 0x000000006d4d9000 	C:\Program Files\MATLAB\R2013a\bin\win64\boost_system-vc100-mt-1_49.dll
0x000007fefd810000 - 0x000007fefd8eb000 	C:\Windows\system32\ADVAPI32.dll
0x000007fefd460000 - 0x000007fefd4ff000 	C:\Windows\system32\msvcrt.dll
0x000007feff0f0000 - 0x000007feff10f000 	C:\Windows\SYSTEM32\sechost.dll
0x000007fefdd50000 - 0x000007fefde7d000 	C:\Windows\system32\RPCRT4.dll
0x000000006d370000 - 0x000000006d395000 	C:\Program Files\MATLAB\R2013a\bin\win64\LIBEXPAT.dll
0x0000000065750000 - 0x00000000658da000 	C:\Program Files\MATLAB\R2013a\bin\win64\icuin49.dll
0x0000000060ba0000 - 0x0000000060cde000 	C:\Program Files\MATLAB\R2013a\bin\win64\icuuc49.dll
0x000000000fb80000 - 0x0000000010ca2000 	C:\Program Files\MATLAB\R2013a\bin\win64\icudt49.dll
0x000000006d360000 - 0x000000006d370000 	C:\Program Files\MATLAB\R2013a\bin\win64\icuio49.dll
0x0000000073f70000 - 0x0000000074112000 	C:\Program Files\MATLAB\R2013a\bin\win64\libmwfl.dll
0x000000007a350000 - 0x000000007a737000 	C:\Program Files\MATLAB\R2013a\bin\win64\libmwMATLAB_res.dll
0x0000000065ee0000 - 0x0000000065fbf000 	C:\Program Files\MATLAB\R2013a\bin\win64\boost_regex-vc100-mt-1_49.dll
0x0000000076fa0000 - 0x000000007709a000 	C:\Windows\system32\USER32.dll
0x000007feff1e0000 - 0x000007feff247000 	C:\Windows\system32\GDI32.dll
0x000007fefee50000 - 0x000007fefee5e000 	C:\Windows\system32\LPK.dll
0x000007feff110000 - 0x000007feff1d9000 	C:\Windows\system32\USP10.dll
0x0000000066890000 - 0x00000000668a1000 	C:\Program Files\MATLAB\R2013a\bin\win64\boost_signals-vc100-mt-1_49.dll
0x00000000667c0000 - 0x00000000667d1000 	C:\Program Files\MATLAB\R2013a\bin\win64\boost_thread-vc100-mt-1_49.dll
0x000007fef3090000 - 0x000007fef311c000 	C:\Program Files\MATLAB\R2013a\bin\win64\boost_log-vc100-mt-1_49.dll
0x0000000077260000 - 0x0000000077267000 	C:\Windows\system32\PSAPI.DLL
0x000007feff250000 - 0x000007feff29d000 	C:\Windows\system32\WS2_32.dll
0x000007fefd970000 - 0x000007fefd978000 	C:\Windows\system32\NSI.dll
0x000007fef40c0000 - 0x000007fef40f3000 	C:\Program Files\MATLAB\R2013a\bin\win64\tbb.dll
0x000007fefd440000 - 0x000007fefd459000 	C:\Windows\system32\imagehlp.dll
0x000007fefba70000 - 0x000007fefba9c000 	C:\Windows\system32\POWRPROF.dll
0x000007fefde80000 - 0x000007fefe057000 	C:\Windows\system32\SETUPAPI.dll
0x000007fefcfa0000 - 0x000007fefcfd6000 	C:\Windows\system32\CFGMGR32.dll
0x000007fefd500000 - 0x000007fefd5d7000 	C:\Windows\system32\OLEAUT32.dll
0x000007fefeee0000 - 0x000007feff0e3000 	C:\Windows\system32\ole32.dll
0x000007fefd090000 - 0x000007fefd0aa000 	C:\Windows\system32\DEVOBJ.dll
0x0000000004130000 - 0x0000000004151000 	C:\Program Files\MATLAB\R2013a\bin\win64\libmwmfl_scalar.dll
0x000007fef4470000 - 0x000007fef4595000 	C:\Windows\system32\dbghelp.dll
0x00000000042b0000 - 0x00000000045df000 	C:\Program Files\MATLAB\R2013a\bin\win64\libmwservices.dll
0x0000000075a20000 - 0x0000000075b0b000 	C:\Program Files\MATLAB\R2013a\bin\win64\libmx.dll
0x000007fef7340000 - 0x000007fef7368000 	C:\Program Files\MATLAB\R2013a\bin\win64\tbbmalloc.dll
0x00000000667a0000 - 0x00000000667b7000 	C:\Program Files\MATLAB\R2013a\bin\win64\zlib1.dll
0x0000000004160000 - 0x00000000041ae000 	C:\Program Files\MATLAB\R2013a\bin\win64\libmwregexp.dll
0x0000000075f10000 - 0x0000000075f57000 	C:\Program Files\MATLAB\R2013a\bin\win64\mpath.dll
0x000000007b680000 - 0x000000007bc66000 	C:\Program Files\MATLAB\R2013a\bin\win64\mlutil.dll
0x00000000754d0000 - 0x0000000075547000 	C:\Program Files\MATLAB\R2013a\bin\win64\xmlcore.dll
0x0000000060950000 - 0x0000000060b91000 	C:\Program Files\MATLAB\R2013a\bin\win64\xerces-c_2_7.dll
0x00000000045f0000 - 0x0000000004612000 	C:\Program Files\MATLAB\R2013a\bin\win64\libmwMATLAB_settings_res.dll
0x000007fef6700000 - 0x000007fef6710000 	C:\Program Files\MATLAB\R2013a\bin\win64\boost_iostreams-vc100-mt-1_49.dll
0x000007fef3040000 - 0x000007fef3086000 	C:\Program Files\MATLAB\R2013a\bin\win64\boost_serialization-vc100-mt-1_49.dll
0x000007fefe0c0000 - 0x000007fefee48000 	C:\Windows\system32\SHELL32.dll
0x000007fefee60000 - 0x000007fefeed1000 	C:\Windows\system32\SHLWAPI.dll
0x0000000004620000 - 0x0000000004626000 	C:\Program Files\MATLAB\R2013a\bin\win64\libmwnativedisplay.dll
0x000007fef9680000 - 0x000007fef9720000 	C:\Windows\WinSxS\amd64_microsoft.windows.common-controls_6595b64144ccf1df_5.82.7601.18201_none_a4d3b9377117c3df\COMCTL32.dll
0x000007fefdc10000 - 0x000007fefdca7000 	C:\Windows\system32\COMDLG32.dll
0x000007fefa930000 - 0x000007fefa946000 	C:\Windows\system32\NETAPI32.dll
0x000007fefc560000 - 0x000007fefc56c000 	C:\Windows\system32\netutils.dll
0x000007fefcad0000 - 0x000007fefcaf3000 	C:\Windows\system32\srvcli.dll
0x000007fefa910000 - 0x000007fefa925000 	C:\Windows\system32\wkscli.dll
0x0000000074970000 - 0x0000000074a18000 	C:\Program Files\MATLAB\R2013a\bin\win64\mcr.dll
0x0000000075000000 - 0x00000000753b1000 	C:\Program Files\MATLAB\R2013a\bin\win64\iqm.dll
0x0000000074e80000 - 0x0000000074f30000 	C:\Program Files\MATLAB\R2013a\bin\win64\m_dispatcher.dll
0x0000000004630000 - 0x0000000004e38000 	C:\Program Files\MATLAB\R2013a\bin\win64\m_interpreter.dll
0x0000000004e40000 - 0x0000000004e64000 	C:\Program Files\MATLAB\R2013a\bin\win64\libmex.dll
0x0000000075430000 - 0x00000000754ab000 	C:\Program Files\MATLAB\R2013a\bin\win64\profiler.dll
0x0000000004e70000 - 0x00000000050f3000 	C:\Program Files\MATLAB\R2013a\bin\win64\libmwmathutil.dll
0x0000000079f40000 - 0x0000000079f66000 	C:\Program Files\MATLAB\R2013a\bin\win64\libmwmathrng.dll
0x0000000005100000 - 0x0000000005110000 	C:\Program Files\MATLAB\R2013a\bin\win64\libmwmfl_rng.dll
0x0000000005110000 - 0x00000000051f8000 	C:\Program Files\MATLAB\R2013a\bin\win64\libmwmathcore.dll
0x0000000076160000 - 0x00000000761c3000 	C:\Program Files\MATLAB\R2013a\bin\win64\libmwspmatrix.dll
0x000000007b0a0000 - 0x000000007b2f6000 	C:\Program Files\MATLAB\R2013a\bin\win64\mcos.dll
0x0000000075ea0000 - 0x0000000075f02000 	C:\Program Files\MATLAB\R2013a\bin\win64\libmwcholmod.dll
0x0000000005210000 - 0x000000000521d000 	C:\Program Files\MATLAB\R2013a\bin\win64\libmwamd.dll
0x000000006bd60000 - 0x000000006be03000 	C:\Windows\WinSxS\amd64_microsoft.vc90.crt_1fc8b3b9a1e18e3b_9.0.30729.6161_none_08e61857a83bc251\MSVCR90.dll
0x0000000005230000 - 0x000000000523c000 	C:\Program Files\MATLAB\R2013a\bin\win64\libmwcolamd.dll
0x000000007a290000 - 0x000000007a2a3000 	C:\Program Files\MATLAB\R2013a\bin\win64\libmwblas.dll
0x000000007a310000 - 0x000000007a325000 	C:\Program Files\MATLAB\R2013a\bin\win64\libmwbinder.dll
0x0000000005250000 - 0x000000000525b000 	C:\Program Files\MATLAB\R2013a\bin\win64\libmwompwrapper.dll
0x0000000075820000 - 0x000000007589e000 	C:\Program Files\MATLAB\R2013a\bin\win64\libmwlapack.dll
0x000000007a1b0000 - 0x000000007a1d0000 	C:\Program Files\MATLAB\R2013a\bin\win64\m_pcodeio.dll
0x0000000079b10000 - 0x0000000079b6c000 	C:\Program Files\MATLAB\R2013a\bin\win64\m_ir.dll
0x0000000078ed0000 - 0x0000000079579000 	C:\Program Files\MATLAB\R2013a\bin\win64\m_parser.dll
0x000000007a2f0000 - 0x000000007a307000 	C:\Program Files\MATLAB\R2013a\bin\win64\ir_xfmr.dll
0x0000000005260000 - 0x0000000005270000 	C:\Program Files\MATLAB\R2013a\bin\win64\mtok.dll
0x000000007a130000 - 0x000000007a158000 	C:\Program Files\MATLAB\R2013a\bin\win64\m_pcodegen.dll
0x0000000079fb0000 - 0x0000000079fdf000 	C:\Program Files\MATLAB\R2013a\bin\win64\libmwbridge.dll
0x0000000074f40000 - 0x0000000074ff6000 	C:\Program Files\MATLAB\R2013a\bin\win64\udd.dll
0x0000000073cc0000 - 0x0000000073e0e000 	C:\Program Files\MATLAB\R2013a\bin\win64\libmwgui.dll
0x000000007a1d0000 - 0x000000007a1f4000 	C:\Program Files\MATLAB\R2013a\bin\win64\graphics_util.dll
0x000007fef28d0000 - 0x000007fef2988000 	C:\Program Files\MATLAB\R2013a\bin\win64\libtex_base.dll
0x0000000005270000 - 0x0000000005bb3000 	C:\Program Files\MATLAB\R2013a\bin\win64\hg.dll
0x0000000076100000 - 0x000000007615a000 	C:\Program Files\MATLAB\R2013a\bin\win64\libmat.dll
0x0000000072d30000 - 0x0000000072f38000 	C:\Program Files\MATLAB\R2013a\bin\win64\hdf5dll.dll
0x0000000075710000 - 0x00000000757d8000 	C:\Program Files\MATLAB\R2013a\bin\win64\jmi.dll
0x0000000005bd0000 - 0x0000000005bde000 	C:\Program Files\MATLAB\R2013a\bin\win64\nativejava_services.dll
0x0000000005be0000 - 0x0000000005c20000 	C:\Program Files\MATLAB\R2013a\bin\win64\libmwhardcopy.dll
0x0000000075c70000 - 0x0000000075cce000 	C:\Program Files\MATLAB\R2013a\bin\win64\libuij.dll
0x0000000072f50000 - 0x000000007318f000 	C:\Program Files\MATLAB\R2013a\bin\win64\hgdatatypes.dll
0x0000000005c20000 - 0x0000000005d0b000 	C:\Program Files\MATLAB\R2013a\bin\win64\hgutils.dll
0x0000000005d10000 - 0x0000000005dbe000 	C:\Program Files\MATLAB\R2013a\bin\win64\udd_mi.dll
0x0000000005dc0000 - 0x0000000005df6000 	C:\Program Files\MATLAB\R2013a\bin\win64\libmwgbtutils.dll
0x0000000005e00000 - 0x0000000005e14000 	C:\Program Files\MATLAB\R2013a\bin\win64\libmwgbt.dll
0x0000000005e20000 - 0x00000000060ee000 	C:\Program Files\MATLAB\R2013a\bin\win64\uiw.dll
0x00000000060f0000 - 0x00000000060f9000 	C:\Program Files\MATLAB\R2013a\bin\win64\uinone.dll
0x0000000006100000 - 0x0000000006126000 	C:\Program Files\MATLAB\R2013a\bin\win64\libmwnativefiledialogs.dll
0x0000000006130000 - 0x000000000613c000 	C:\Program Files\MATLAB\R2013a\bin\win64\libmwplatform_res.dll
0x000007fef81e0000 - 0x000007fef81f8000 	C:\Windows\system32\MPR.dll
0x0000000051c40000 - 0x000000005219d000 	C:\Program Files\MATLAB\R2013a\bin\win64\mfc100.dll
0x000007fefa5c0000 - 0x000007fefa5c7000 	C:\Windows\system32\MSIMG32.dll
0x000007fef8b30000 - 0x000007fef8ba1000 	C:\Windows\system32\WINSPOOL.DRV
0x0000000006140000 - 0x000000000615d000 	C:\Program Files\MATLAB\R2013a\bin\win64\mwoles05.DLL
0x0000000006160000 - 0x00000000061cc000 	C:\Program Files\MATLAB\R2013a\bin\win64\comcli.dll
0x0000000066770000 - 0x000000006679b000 	C:\Program Files\MATLAB\R2013a\bin\win64\ATL100.DLL
0x00000000061d0000 - 0x00000000061dc000 	C:\Program Files\MATLAB\R2013a\bin\win64\mlautoregister.dll
0x00000000061e0000 - 0x0000000006336000 	C:\Program Files\MATLAB\R2013a\bin\win64\mvm.dll
0x000007fefd2b0000 - 0x000007fefd2de000 	C:\Windows\system32\IMM32.DLL
0x000007feff2a0000 - 0x000007feff3a9000 	C:\Windows\system32\MSCTF.dll
0x000007fefb810000 - 0x000007fefb866000 	C:\Windows\system32\UxTheme.dll
0x000007fefb2b0000 - 0x000007fefb2c8000 	C:\Windows\system32\dwmapi.dll
0x000000006d4a0000 - 0x000000006d4ad000 	C:\Program Files\MATLAB\R2013a\bin\win64\MFC100ENU.DLL
0x0000000007fb0000 - 0x0000000007ffe000 	C:\Program Files\MATLAB\R2013a\bin\win64\MVMLocal.dll

VM Arguments:
jvm_args: -XX:PermSize=32m -Xms64m -XX:NewRatio=3 -XX:MaxPermSize=128m -Xmx196m -XX:MaxDirectMemorySize=2147400000 -Dsun.java2d.noddraw=true -Dsun.awt.nopixfmt=true -Xshare:off -Xrs -Dsun.awt.disableMixing=true -Djava.library.path=C:\Program Files\MATLAB\R2013a\bin\win64;C:\Program Files\MATLAB\R2013a\sys\jxbrowser\win64\lib vfprintf abort 
java_command: <unknown>
Launcher Type: generic

Environment Variables:
CLASSPATH=.;C:\Program Files (x86)\Java\jre7\lib\ext\QTJava.zip
PATH=C:\Program Files\Maple 17\jre\bin\client;C:\Program Files\Maple 17\bin.X86_64_WINDOWS;C:\Program Files\Common Files\Microsoft Shared\Windows Live;C:\Program Files (x86)\Common Files\Microsoft Shared\Windows Live;C:\python27;C:\Program Files (x86)\Windows Live\Shared;C:\Program Files (x86)\Git\bin
USERNAME=dcelik
OS=Windows_NT
PROCESSOR_IDENTIFIER=Intel64 Family 6 Model 58 Stepping 9, GenuineIntel



---------------  S Y S T E M  ---------------

OS: Windows 7 Build 7601 Service Pack 1

CPU:total 4 (8 cores per cpu, 2 threads per core) family 6 model 58 stepping 9, cmov, cx8, fxsr, mmx, sse, sse2, sse3, ssse3, sse4.1, sse4.2, ht

Memory: 4k page, physical 8328564k(4704376k free), swap 16655264k(11946592k free)

vm_info: Java HotSpot(TM) 64-Bit Server VM (14.3-b01) for windows-amd64 JRE (1.6.0_17-b04), built on Oct 11 2009 00:46:08 by "java_re" with MS VC++ 8.0

time: Thu Nov 14 23:34:13 2013
elapsed time: 270 seconds

